<?xml version="1.0" encoding="UTF-8"?>
<!-- Generated by org.testng.reporters.JUnitReportReporter -->
<testsuite hostname="XLH-20160517" name="org.test2.MailTest" tests="1" failures="0" timestamp="6 May 2017 02:42:01 GMT" time="23.792" errors="0">
  <testcase name="sendEmail" time="23.792" classname="org.test2.MailTest"/>
</testsuite> <!-- org.test2.MailTest -->
