<?xml version="1.0" encoding="UTF-8"?>
<!-- Generated by org.testng.reporters.JUnitReportReporter -->
<testsuite hostname="XLH-20160517" name="org.test2.MailTest" tests="1" failures="0" timestamp="5 May 2017 08:19:26 GMT" time="4.682" errors="0">
  <testcase name="sendEmail" time="4.682" classname="org.test2.MailTest"/>
</testsuite> <!-- org.test2.MailTest -->
