<?xml version="1.0" encoding="UTF-8"?>
<!-- Generated by org.testng.reporters.JUnitReportReporter -->
<testsuite hostname="XLH-20160517" name="org.test2.TakeScreen" tests="1" failures="0" timestamp="5 May 2017 09:10:39 GMT" time="4.256" errors="0">
  <testcase name="test" time="4.256" classname="org.test2.TakeScreen"/>
</testsuite> <!-- org.test2.TakeScreen -->
