<?xml version="1.0" encoding="UTF-8"?>
<!-- Generated by org.testng.reporters.JUnitReportReporter -->
<testsuite hostname="XLH-20160517" name="org.test2.App2" tests="1" failures="0" timestamp="5 May 2017 08:19:26 GMT" time="0.011" errors="0">
  <testcase name="test2" time="0.011" classname="org.test2.App2"/>
</testsuite> <!-- org.test2.App2 -->
