<?xml version="1.0" encoding="UTF-8"?>
<!-- Generated by org.testng.reporters.JUnitReportReporter -->
<testsuite hostname="XLH-20160517" name="com.web.utils.TakeScreen" tests="1" failures="0" timestamp="5 May 2017 08:54:40 GMT" time="5.491" errors="0">
  <testcase name="test" time="5.491" classname="com.web.utils.TakeScreen"/>
</testsuite> <!-- com.web.utils.TakeScreen -->
