<?xml version="1.0" encoding="UTF-8"?>
<!-- Generated by org.testng.reporters.JUnitReportReporter -->
<testsuite hostname="XLH-20160517" name="org.test1.App" tests="1" failures="0" timestamp="5 May 2017 04:37:01 GMT" time="0.010" errors="0">
  <testcase name="test1" time="0.010" classname="org.test1.App"/>
</testsuite> <!-- org.test1.App -->
